<?xml version="1.0" encoding="UTF-8"?>
<testsuite xmlns:xsi="http://www.w3.org/2001/XMLSchema-instance" xsi:noNamespaceSchemaLocation="https://maven.apache.org/surefire/maven-surefire-plugin/xsd/surefire-test-report.xsd" version="3.0.2" name="cl.duoc.vidasalud.bff.RbacSecurityTest" time="2.223" tests="17" errors="0" skipped="0" failures="0">
  <properties>
[...]
</properties>
  <testcase name="auditorCatalogForbidden" classname="cl.duoc.vidasalud.bff.RbacSecurityTest" time="0.449">
    <system-out><![CDATA[17:31:11.076 [main] INFO org.springframework.test.context.support.AnnotationConfigContextLoaderUtils -- Could not detect default configuration classes for test class [cl.duoc.vidasalud.bff.RbacSecurityTest]: RbacSecurityTest does not declare any static, non-private, non-final, nested classes annotated with @Configuration.
17:31:11.145 [main] INFO org.springframework.boot.test.context.SpringBootTestContextBootstrapper -- Found @SpringBootConfiguration cl.duoc.vidasalud.bff.MsVidasaludBffApplication for test class cl.duoc.vidasalud.bff.RbacSecurityTest

  .   ____          _            __ _ _
 /\\ / ___'_ __ _ _(_)_ __  __ _ \ \ \ \
( ( )\___ | '_ | '_| | '_ \/ _` | \ \ \ \
 \\/  ___)| |_)| | | | | || (_| |  ) ) ) )
  '  |____| .__|_| |_|_| |_\__, | / / / /
 =========|_|==============|___/=/_/_/_/

 :: Spring Boot ::                (v3.4.3)

2026-09-15T17:31:11.372-03:00  INFO 79469 --- [ms-vidasalud-bff] [           main] cl.duoc.vidasalud.bff.RbacSecurityTest   : Starting RbacSecurityTest using Java 26.0.2 with PID 79469 (started by joscelynne in /Users/joscelynne/Documents/github/Cloud Native I/ms-vidasalud-bff)
2026-09-15T17:31:11.372-03:00 DEBUG 79469 --- [ms-vidasalud-bff] [           main] cl.duoc.vidasalud.bff.RbacSecurityTest   : Running with Spring Boot v3.4.3, Spring v6.2.3
2026-09-15T17:31:11.372-03:00  INFO 79469 --- [ms-vidasalud-bff] [           main] cl.duoc.vidasalud.bff.RbacSecurityTest   : The following 1 profile is active: "dev"
2026-09-15T17:31:11.963-03:00  INFO 79469 --- [ms-vidasalud-bff] [           main] c.d.v.bff.config.JwtDecoderConfig        : Configurando JwtDecoder para VidaSalud BFF
2026-09-15T17:31:11.963-03:00  INFO 79469 --- [ms-vidasalud-bff] [           main] c.d.v.bff.config.JwtDecoderConfig        : Tenant ID: common
2026-09-15T17:31:11.964-03:00  INFO 79469 --- [ms-vidasalud-bff] [           main] c.d.v.bff.config.JwtDecoderConfig        : Issuers válidos: [https://sts.windows.net/common/, https://login.microsoftonline.com/common/v2.0]
2026-09-15T17:31:11.964-03:00  INFO 79469 --- [ms-vidasalud-bff] [           main] c.d.v.bff.config.JwtDecoderConfig        : Audiences válidas: [api://00000000-0000-0000-0000-000000000000, 00000000-0000-0000-0000-000000000000]
2026-09-15T17:31:12.032-03:00 DEBUG 79469 --- [ms-vidasalud-bff] [           main] swordEncoderAuthenticationManagerBuilder : No authenticationProviders and no parentAuthenticationManager defined. Returning null.
2026-09-15T17:31:12.296-03:00  INFO 79469 --- [ms-vidasalud-bff] [           main] o.s.b.a.e.web.EndpointLinksResolver      : Exposing 3 endpoints beneath base path '/actuator'
2026-09-15T17:31:12.351-03:00 DEBUG 79469 --- [ms-vidasalud-bff] [           main] o.s.s.web.DefaultSecurityFilterChain     : Will secure any request with filters: DisableEncodeUrlFilter, WebAsyncManagerIntegrationFilter, SecurityContextHolderFilter, HeaderWriterFilter, CorsFilter, LogoutFilter, BearerTokenAuthenticationFilter, RequestCacheAwareFilter, SecurityContextHolderAwareRequestFilter, AnonymousAuthenticationFilter, SessionManagementFilter, ExceptionTranslationFilter, AuthorizationFilter
2026-09-15T17:31:12.546-03:00 DEBUG 79469 --- [ms-vidasalud-bff] [           main] c.d.v.bff.filter.RequestLoggingFilter    : Filter 'requestLoggingFilter' configured for use
2026-09-15T17:31:12.547-03:00  INFO 79469 --- [ms-vidasalud-bff] [           main] o.s.b.t.m.w.SpringBootMockServletContext : Initializing Spring TestDispatcherServlet ''
2026-09-15T17:31:12.547-03:00  INFO 79469 --- [ms-vidasalud-bff] [           main] o.s.t.web.servlet.TestDispatcherServlet  : Initializing Servlet ''
2026-09-15T17:31:12.547-03:00  INFO 79469 --- [ms-vidasalud-bff] [           main] o.s.t.web.servlet.TestDispatcherServlet  : Completed initialization in 0 ms
2026-09-15T17:31:12.586-03:00  INFO 79469 --- [ms-vidasalud-bff] [           main] cl.duoc.vidasalud.bff.RbacSecurityTest   : Started RbacSecurityTest in 1.375 seconds (process running for 1.888)
2026-09-15T17:31:13.051-03:00 DEBUG 79469 --- [ms-vidasalud-bff] [           main] o.s.security.web.FilterChainProxy        : Securing GET /api/catalog/specialties
]]></system-out>
    <system-err><![CDATA[Mockito is currently self-attaching to enable the inline-mock-maker. This will no longer work in future releases of the JDK. Please add Mockito as an agent to your build what is described in Mockito's documentation: https://javadoc.io/doc/org.mockito/mockito-core/latest/org/mockito/Mockito.html#0.3
WARNING: A Java agent has been loaded dynamically (/Users/joscelynne/.m2/repository/net/bytebuddy/byte-buddy-agent/1.15.11/byte-buddy-agent-1.15.11.jar)
WARNING: If a serviceability tool is in use, please run with -XX:+EnableDynamicAgentLoading to hide this warning
WARNING: If a serviceability tool is not in use, please run with -Djdk.instrument.traceUsage for more information
WARNING: Dynamic loading of agents will be disallowed by default in a future release
]]></system-err>
  </testcase>
  <testcase name="pacienteConfirmForbidden" classname="cl.duoc.vidasalud.bff.RbacSecurityTest" time="0.032">
    <system-out><![CDATA[2026-09-15T17:31:13.094-03:00 DEBUG 79469 --- [ms-vidasalud-bff] [           main] o.s.security.web.FilterChainProxy        : Securing POST /api/appointments/APT-101/confirm
2026-09-15T17:31:13.095-03:00 DEBUG 79469 --- [ms-vidasalud-bff] [           main] o.s.security.web.FilterChainProxy        : Secured POST /api/appointments/APT-101/confirm
2026-09-15T17:31:13.106-03:00 DEBUG 79469 --- [ms-vidasalud-bff] [           main] horizationManagerBeforeMethodInterceptor : Authorizing method invocation ReflectiveMethodInvocation: public org.springframework.http.ResponseEntity cl.duoc.vidasalud.bff.controller.AppointmentController.confirmAppointment(java.lang.String); target is of class [cl.duoc.vidasalud.bff.controller.AppointmentController]
2026-09-15T17:31:13.118-03:00 DEBUG 79469 --- [ms-vidasalud-bff] [           main] horizationManagerBeforeMethodInterceptor : Failed to authorize ReflectiveMethodInvocation: public org.springframework.http.ResponseEntity cl.duoc.vidasalud.bff.controller.AppointmentController.confirmAppointment(java.lang.String); target is of class [cl.duoc.vidasalud.bff.controller.AppointmentController] with authorization manager org.springframework.security.authorization.ObservationAuthorizationManager@6c7f804c and result ExpressionAuthorizationDecision [granted=false, expressionAttribute=hasAnyRole('Admin', 'Recepcionista')]
2026-09-15T17:31:13.120-03:00  INFO 79469 --- [ms-vidasalud-bff] [           main] c.d.v.bff.filter.RequestLoggingFilter    : [BFF AUDIT LOG] TraceId=tr-eebae812 | Timestamp=2026-09-15T20:31:13.120864Z | User=user | Method=POST | Endpoint=/api/appointments/APT-101/confirm | Status=200 | Duration=25ms
]]></system-out>
  </testcase>
  <testcase name="pacienteReportsForbidden" classname="cl.duoc.vidasalud.bff.RbacSecurityTest" time="0.004">
    <system-out><![CDATA[2026-09-15T17:31:13.126-03:00 DEBUG 79469 --- [ms-vidasalud-bff] [           main] o.s.security.web.FilterChainProxy        : Securing GET /api/report/kpis
]]></system-out>
  </testcase>
  <testcase name="auditorAppointmentsForbidden" classname="cl.duoc.vidasalud.bff.RbacSecurityTest" time="0.004">
    <system-out><![CDATA[2026-09-15T17:31:13.130-03:00 DEBUG 79469 --- [ms-vidasalud-bff] [           main] o.s.security.web.FilterChainProxy        : Securing GET /api/appointments
]]></system-out>
  </testcase>
  <testcase name="recepcionistaCatalog" classname="cl.duoc.vidasalud.bff.RbacSecurityTest" time="0.02">
    <system-out><![CDATA[2026-09-15T17:31:13.136-03:00 DEBUG 79469 --- [ms-vidasalud-bff] [           main] o.s.security.web.FilterChainProxy        : Securing GET /api/catalog/specialties
2026-09-15T17:31:13.137-03:00 DEBUG 79469 --- [ms-vidasalud-bff] [           main] o.s.security.web.FilterChainProxy        : Secured GET /api/catalog/specialties
2026-09-15T17:31:13.137-03:00 DEBUG 79469 --- [ms-vidasalud-bff] [           main] horizationManagerBeforeMethodInterceptor : Authorizing method invocation ReflectiveMethodInvocation: public org.springframework.http.ResponseEntity cl.duoc.vidasalud.bff.controller.CatalogController.getSpecialties(); target is of class [cl.duoc.vidasalud.bff.controller.CatalogController]
2026-09-15T17:31:13.138-03:00 DEBUG 79469 --- [ms-vidasalud-bff] [           main] horizationManagerBeforeMethodInterceptor : Authorized method invocation ReflectiveMethodInvocation: public org.springframework.http.ResponseEntity cl.duoc.vidasalud.bff.controller.CatalogController.getSpecialties(); target is of class [cl.duoc.vidasalud.bff.controller.CatalogController]
2026-09-15T17:31:13.152-03:00  INFO 79469 --- [ms-vidasalud-bff] [           main] c.d.v.bff.filter.RequestLoggingFilter    : [BFF AUDIT LOG] TraceId=tr-edaf2f89 | Timestamp=2026-09-15T20:31:13.152087Z | User=user | Method=GET | Endpoint=/api/catalog/specialties | Status=200 | Duration=15ms
]]></system-out>
  </testcase>
  <testcase name="pacienteAppointments" classname="cl.duoc.vidasalud.bff.RbacSecurityTest" time="0.007">
    <system-out><![CDATA[2026-09-15T17:31:13.157-03:00 DEBUG 79469 --- [ms-vidasalud-bff] [           main] o.s.security.web.FilterChainProxy        : Securing GET /api/appointments
2026-09-15T17:31:13.157-03:00 DEBUG 79469 --- [ms-vidasalud-bff] [           main] o.s.security.web.FilterChainProxy        : Secured GET /api/appointments
2026-09-15T17:31:13.158-03:00 DEBUG 79469 --- [ms-vidasalud-bff] [           main] horizationManagerBeforeMethodInterceptor : Authorizing method invocation ReflectiveMethodInvocation: public org.springframework.http.ResponseEntity cl.duoc.vidasalud.bff.controller.AppointmentController.getAllAppointments(); target is of class [cl.duoc.vidasalud.bff.controller.AppointmentController]
2026-09-15T17:31:13.158-03:00 DEBUG 79469 --- [ms-vidasalud-bff] [           main] horizationManagerBeforeMethodInterceptor : Authorized method invocation ReflectiveMethodInvocation: public org.springframework.http.ResponseEntity cl.duoc.vidasalud.bff.controller.AppointmentController.getAllAppointments(); target is of class [cl.duoc.vidasalud.bff.controller.AppointmentController]
2026-09-15T17:31:13.160-03:00  INFO 79469 --- [ms-vidasalud-bff] [           main] c.d.v.bff.filter.RequestLoggingFilter    : [BFF AUDIT LOG] TraceId=tr-383e7303 | Timestamp=2026-09-15T20:31:13.160867Z | User=user | Method=GET | Endpoint=/api/appointments | Status=200 | Duration=3ms
]]></system-out>
  </testcase>
  <testcase name="pacienteCatalogForbidden" classname="cl.duoc.vidasalud.bff.RbacSecurityTest" time="0.004">
    <system-out><![CDATA[2026-09-15T17:31:13.165-03:00 DEBUG 79469 --- [ms-vidasalud-bff] [           main] o.s.security.web.FilterChainProxy        : Securing GET /api/catalog/specialties
]]></system-out>
  </testcase>
  <testcase name="auditorAudit" classname="cl.duoc.vidasalud.bff.RbacSecurityTest" time="0.007">
    <system-out><![CDATA[2026-09-15T17:31:13.169-03:00 DEBUG 79469 --- [ms-vidasalud-bff] [           main] o.s.security.web.FilterChainProxy        : Securing GET /api/audit/logs
2026-09-15T17:31:13.170-03:00 DEBUG 79469 --- [ms-vidasalud-bff] [           main] o.s.security.web.FilterChainProxy        : Secured GET /api/audit/logs
2026-09-15T17:31:13.170-03:00 DEBUG 79469 --- [ms-vidasalud-bff] [           main] horizationManagerBeforeMethodInterceptor : Authorizing method invocation ReflectiveMethodInvocation: public org.springframework.http.ResponseEntity cl.duoc.vidasalud.bff.controller.AuditController.getAuditLogs(); target is of class [cl.duoc.vidasalud.bff.controller.AuditController]
2026-09-15T17:31:13.171-03:00 DEBUG 79469 --- [ms-vidasalud-bff] [           main] horizationManagerBeforeMethodInterceptor : Authorized method invocation ReflectiveMethodInvocation: public org.springframework.http.ResponseEntity cl.duoc.vidasalud.bff.controller.AuditController.getAuditLogs(); target is of class [cl.duoc.vidasalud.bff.controller.AuditController]
2026-09-15T17:31:13.173-03:00  INFO 79469 --- [ms-vidasalud-bff] [           main] c.d.v.bff.filter.RequestLoggingFilter    : [BFF AUDIT LOG] TraceId=tr-4f8ff0d8 | Timestamp=2026-09-15T20:31:13.173812Z | User=user | Method=GET | Endpoint=/api/audit/logs | Status=200 | Duration=3ms
]]></system-out>
  </testcase>
  <testcase name="adminCatalog" classname="cl.duoc.vidasalud.bff.RbacSecurityTest" time="0.005">
    <system-out><![CDATA[2026-09-15T17:31:13.177-03:00 DEBUG 79469 --- [ms-vidasalud-bff] [           main] o.s.security.web.FilterChainProxy        : Securing GET /api/catalog/specialties
2026-09-15T17:31:13.178-03:00 DEBUG 79469 --- [ms-vidasalud-bff] [           main] o.s.security.web.FilterChainProxy        : Secured GET /api/catalog/specialties
2026-09-15T17:31:13.178-03:00 DEBUG 79469 --- [ms-vidasalud-bff] [           main] horizationManagerBeforeMethodInterceptor : Authorizing method invocation ReflectiveMethodInvocation: public org.springframework.http.ResponseEntity cl.duoc.vidasalud.bff.controller.CatalogController.getSpecialties(); target is of class [cl.duoc.vidasalud.bff.controller.CatalogController]
2026-09-15T17:31:13.178-03:00 DEBUG 79469 --- [ms-vidasalud-bff] [           main] horizationManagerBeforeMethodInterceptor : Authorized method invocation ReflectiveMethodInvocation: public org.springframework.http.ResponseEntity cl.duoc.vidasalud.bff.controller.CatalogController.getSpecialties(); target is of class [cl.duoc.vidasalud.bff.controller.CatalogController]
2026-09-15T17:31:13.179-03:00  INFO 79469 --- [ms-vidasalud-bff] [           main] c.d.v.bff.filter.RequestLoggingFilter    : [BFF AUDIT LOG] TraceId=tr-330719bb | Timestamp=2026-09-15T20:31:13.179486Z | User=user | Method=GET | Endpoint=/api/catalog/specialties | Status=200 | Duration=1ms
]]></system-out>
  </testcase>
  <testcase name="adminAudit" classname="cl.duoc.vidasalud.bff.RbacSecurityTest" time="0.006">
    <system-out><![CDATA[2026-09-15T17:31:13.183-03:00 DEBUG 79469 --- [ms-vidasalud-bff] [           main] o.s.security.web.FilterChainProxy        : Securing GET /api/audit/logs
2026-09-15T17:31:13.184-03:00 DEBUG 79469 --- [ms-vidasalud-bff] [           main] o.s.security.web.FilterChainProxy        : Secured GET /api/audit/logs
2026-09-15T17:31:13.184-03:00 DEBUG 79469 --- [ms-vidasalud-bff] [           main] horizationManagerBeforeMethodInterceptor : Authorizing method invocation ReflectiveMethodInvocation: public org.springframework.http.ResponseEntity cl.duoc.vidasalud.bff.controller.AuditController.getAuditLogs(); target is of class [cl.duoc.vidasalud.bff.controller.AuditController]
2026-09-15T17:31:13.184-03:00 DEBUG 79469 --- [ms-vidasalud-bff] [           main] horizationManagerBeforeMethodInterceptor : Authorized method invocation ReflectiveMethodInvocation: public org.springframework.http.ResponseEntity cl.duoc.vidasalud.bff.controller.AuditController.getAuditLogs(); target is of class [cl.duoc.vidasalud.bff.controller.AuditController]
2026-09-15T17:31:13.185-03:00  INFO 79469 --- [ms-vidasalud-bff] [           main] c.d.v.bff.filter.RequestLoggingFilter    : [BFF AUDIT LOG] TraceId=tr-f91d1710 | Timestamp=2026-09-15T20:31:13.185324Z | User=user | Method=GET | Endpoint=/api/audit/logs | Status=200 | Duration=1ms
]]></system-out>
  </testcase>
  <testcase name="recepcionistaReportsForbidden" classname="cl.duoc.vidasalud.bff.RbacSecurityTest" time="0.004">
    <system-out><![CDATA[2026-09-15T17:31:13.189-03:00 DEBUG 79469 --- [ms-vidasalud-bff] [           main] o.s.security.web.FilterChainProxy        : Securing GET /api/report/kpis
]]></system-out>
  </testcase>
  <testcase name="adminReports" classname="cl.duoc.vidasalud.bff.RbacSecurityTest" time="0.007">
    <system-out><![CDATA[2026-09-15T17:31:13.193-03:00 DEBUG 79469 --- [ms-vidasalud-bff] [           main] o.s.security.web.FilterChainProxy        : Securing GET /api/report/kpis
2026-09-15T17:31:13.194-03:00 DEBUG 79469 --- [ms-vidasalud-bff] [           main] o.s.security.web.FilterChainProxy        : Secured GET /api/report/kpis
2026-09-15T17:31:13.194-03:00 DEBUG 79469 --- [ms-vidasalud-bff] [           main] horizationManagerBeforeMethodInterceptor : Authorizing method invocation ReflectiveMethodInvocation: public org.springframework.http.ResponseEntity cl.duoc.vidasalud.bff.controller.ReportController.getKPIs(); target is of class [cl.duoc.vidasalud.bff.controller.ReportController]
2026-09-15T17:31:13.195-03:00 DEBUG 79469 --- [ms-vidasalud-bff] [           main] horizationManagerBeforeMethodInterceptor : Authorized method invocation ReflectiveMethodInvocation: public org.springframework.http.ResponseEntity cl.duoc.vidasalud.bff.controller.ReportController.getKPIs(); target is of class [cl.duoc.vidasalud.bff.controller.ReportController]
2026-09-15T17:31:13.197-03:00  INFO 79469 --- [ms-vidasalud-bff] [           main] c.d.v.bff.filter.RequestLoggingFilter    : [BFF AUDIT LOG] TraceId=tr-8b619d9d | Timestamp=2026-09-15T20:31:13.197458Z | User=user | Method=GET | Endpoint=/api/report/kpis | Status=200 | Duration=3ms
]]></system-out>
  </testcase>
  <testcase name="auditorReportsForbidden" classname="cl.duoc.vidasalud.bff.RbacSecurityTest" time="0.003">
    <system-out><![CDATA[2026-09-15T17:31:13.200-03:00 DEBUG 79469 --- [ms-vidasalud-bff] [           main] o.s.security.web.FilterChainProxy        : Securing GET /api/report/kpis
]]></system-out>
  </testcase>
  <testcase name="recepcionistaAuditForbidden" classname="cl.duoc.vidasalud.bff.RbacSecurityTest" time="0.003">
    <system-out><![CDATA[2026-09-15T17:31:13.204-03:00 DEBUG 79469 --- [ms-vidasalud-bff] [           main] o.s.security.web.FilterChainProxy        : Securing GET /api/audit/logs
]]></system-out>
  </testcase>
  <testcase name="pacienteAuditForbidden" classname="cl.duoc.vidasalud.bff.RbacSecurityTest" time="0.003">
    <system-out><![CDATA[2026-09-15T17:31:13.208-03:00 DEBUG 79469 --- [ms-vidasalud-bff] [           main] o.s.security.web.FilterChainProxy        : Securing GET /api/audit/logs
]]></system-out>
  </testcase>
  <testcase name="recepcionistaAppointments" classname="cl.duoc.vidasalud.bff.RbacSecurityTest" time="0.005">
    <system-out><![CDATA[2026-09-15T17:31:13.212-03:00 DEBUG 79469 --- [ms-vidasalud-bff] [           main] o.s.security.web.FilterChainProxy        : Securing GET /api/appointments
2026-09-15T17:31:13.212-03:00 DEBUG 79469 --- [ms-vidasalud-bff] [           main] o.s.security.web.FilterChainProxy        : Secured GET /api/appointments
2026-09-15T17:31:13.213-03:00 DEBUG 79469 --- [ms-vidasalud-bff] [           main] horizationManagerBeforeMethodInterceptor : Authorizing method invocation ReflectiveMethodInvocation: public org.springframework.http.ResponseEntity cl.duoc.vidasalud.bff.controller.AppointmentController.getAllAppointments(); target is of class [cl.duoc.vidasalud.bff.controller.AppointmentController]
2026-09-15T17:31:13.213-03:00 DEBUG 79469 --- [ms-vidasalud-bff] [           main] horizationManagerBeforeMethodInterceptor : Authorized method invocation ReflectiveMethodInvocation: public org.springframework.http.ResponseEntity cl.duoc.vidasalud.bff.controller.AppointmentController.getAllAppointments(); target is of class [cl.duoc.vidasalud.bff.controller.AppointmentController]
2026-09-15T17:31:13.214-03:00  INFO 79469 --- [ms-vidasalud-bff] [           main] c.d.v.bff.filter.RequestLoggingFilter    : [BFF AUDIT LOG] TraceId=tr-e61e65f9 | Timestamp=2026-09-15T20:31:13.214153Z | User=user | Method=GET | Endpoint=/api/appointments | Status=200 | Duration=2ms
]]></system-out>
  </testcase>
  <testcase name="adminAppointments" classname="cl.duoc.vidasalud.bff.RbacSecurityTest" time="0.005">
    <system-out><![CDATA[2026-09-15T17:31:13.218-03:00 DEBUG 79469 --- [ms-vidasalud-bff] [           main] o.s.security.web.FilterChainProxy        : Securing GET /api/appointments
2026-09-15T17:31:13.218-03:00 DEBUG 79469 --- [ms-vidasalud-bff] [           main] o.s.security.web.FilterChainProxy        : Secured GET /api/appointments
2026-09-15T17:31:13.219-03:00 DEBUG 79469 --- [ms-vidasalud-bff] [           main] horizationManagerBeforeMethodInterceptor : Authorizing method invocation ReflectiveMethodInvocation: public org.springframework.http.ResponseEntity cl.duoc.vidasalud.bff.controller.AppointmentController.getAllAppointments(); target is of class [cl.duoc.vidasalud.bff.controller.AppointmentController]
2026-09-15T17:31:13.219-03:00 DEBUG 79469 --- [ms-vidasalud-bff] [           main] horizationManagerBeforeMethodInterceptor : Authorized method invocation ReflectiveMethodInvocation: public org.springframework.http.ResponseEntity cl.duoc.vidasalud.bff.controller.AppointmentController.getAllAppointments(); target is of class [cl.duoc.vidasalud.bff.controller.AppointmentController]
2026-09-15T17:31:13.219-03:00  INFO 79469 --- [ms-vidasalud-bff] [           main] c.d.v.bff.filter.RequestLoggingFilter    : [BFF AUDIT LOG] TraceId=tr-872473d8 | Timestamp=2026-09-15T20:31:13.219941Z | User=user | Method=GET | Endpoint=/api/appointments | Status=200 | Duration=0ms
]]></system-out>
  </testcase>
</testsuite>