<?xml version="1.0" encoding="UTF-8"?>
<testsuite xmlns:xsi="http://www.w3.org/2001/XMLSchema-instance" xsi:noNamespaceSchemaLocation="https://maven.apache.org/surefire/maven-surefire-plugin/xsd/surefire-test-report.xsd" version="3.0.2" name="cl.duoc.vidasalud.bff.MsVidasaludBffApplicationTests" time="0.285" tests="1" errors="0" skipped="0" failures="0">
  <properties>
[...]
</properties>
  <testcase name="contextLoads" classname="cl.duoc.vidasalud.bff.MsVidasaludBffApplicationTests" time="0.028">
    <system-out><![CDATA[2026-09-15T17:31:13.224-03:00  INFO 79469 --- [ms-vidasalud-bff] [           main] t.c.s.AnnotationConfigContextLoaderUtils : Could not detect default configuration classes for test class [cl.duoc.vidasalud.bff.MsVidasaludBffApplicationTests]: MsVidasaludBffApplicationTests does not declare any static, non-private, non-final, nested classes annotated with @Configuration.
2026-09-15T17:31:13.225-03:00  INFO 79469 --- [ms-vidasalud-bff] [           main] .b.t.c.SpringBootTestContextBootstrapper : Found @SpringBootConfiguration cl.duoc.vidasalud.bff.MsVidasaludBffApplication for test class cl.duoc.vidasalud.bff.MsVidasaludBffApplicationTests

  .   ____          _            __ _ _
 /\\ / ___'_ __ _ _(_)_ __  __ _ \ \ \ \
( ( )\___ | '_ | '_| | '_ \/ _` | \ \ \ \
 \\/  ___)| |_)| | | | | || (_| |  ) ) ) )
  '  |____| .__|_| |_|_| |_\__, | / / / /
 =========|_|==============|___/=/_/_/_/

 :: Spring Boot ::                (v3.4.3)

2026-09-15T17:31:13.243-03:00  INFO 79469 --- [ms-vidasalud-bff] [           main] c.d.v.b.MsVidasaludBffApplicationTests   : Starting MsVidasaludBffApplicationTests using Java 26.0.2 with PID 79469 (started by joscelynne in /Users/joscelynne/Documents/github/Cloud Native I/ms-vidasalud-bff)
2026-09-15T17:31:13.243-03:00 DEBUG 79469 --- [ms-vidasalud-bff] [           main] c.d.v.b.MsVidasaludBffApplicationTests   : Running with Spring Boot v3.4.3, Spring v6.2.3
2026-09-15T17:31:13.243-03:00  INFO 79469 --- [ms-vidasalud-bff] [           main] c.d.v.b.MsVidasaludBffApplicationTests   : The following 1 profile is active: "dev"
2026-09-15T17:31:13.347-03:00  INFO 79469 --- [ms-vidasalud-bff] [           main] c.d.v.bff.config.JwtDecoderConfig        : Configurando JwtDecoder para VidaSalud BFF
2026-09-15T17:31:13.347-03:00  INFO 79469 --- [ms-vidasalud-bff] [           main] c.d.v.bff.config.JwtDecoderConfig        : Tenant ID: common
2026-09-15T17:31:13.347-03:00  INFO 79469 --- [ms-vidasalud-bff] [           main] c.d.v.bff.config.JwtDecoderConfig        : Issuers válidos: [https://sts.windows.net/common/, https://login.microsoftonline.com/common/v2.0]
2026-09-15T17:31:13.347-03:00  INFO 79469 --- [ms-vidasalud-bff] [           main] c.d.v.bff.config.JwtDecoderConfig        : Audiences válidas: [api://00000000-0000-0000-0000-000000000000, 00000000-0000-0000-0000-000000000000]
2026-09-15T17:31:13.361-03:00 DEBUG 79469 --- [ms-vidasalud-bff] [           main] swordEncoderAuthenticationManagerBuilder : No authenticationProviders and no parentAuthenticationManager defined. Returning null.
2026-09-15T17:31:13.419-03:00  INFO 79469 --- [ms-vidasalud-bff] [           main] o.s.b.a.e.web.EndpointLinksResolver      : Exposing 3 endpoints beneath base path '/actuator'
2026-09-15T17:31:13.432-03:00 DEBUG 79469 --- [ms-vidasalud-bff] [           main] o.s.s.web.DefaultSecurityFilterChain     : Will secure any request with filters: DisableEncodeUrlFilter, WebAsyncManagerIntegrationFilter, SecurityContextHolderFilter, HeaderWriterFilter, CorsFilter, LogoutFilter, BearerTokenAuthenticationFilter, RequestCacheAwareFilter, SecurityContextHolderAwareRequestFilter, AnonymousAuthenticationFilter, SessionManagementFilter, ExceptionTranslationFilter, AuthorizationFilter
2026-09-15T17:31:13.479-03:00  INFO 79469 --- [ms-vidasalud-bff] [           main] c.d.v.b.MsVidasaludBffApplicationTests   : Started MsVidasaludBffApplicationTests in 0.251 seconds (process running for 2.781)
]]></system-out>
  </testcase>
</testsuite>